2024-02-18 13:31:45 Starting install...
make[1]: Entering directory '/home/brian/allsky/src'
2024-02-18 13:31:45 Copying binaries...
make[1]: Leaving directory '/home/brian/allsky/src'
make[1]: Entering directory '/home/brian/allsky/config_repo'
2024-02-18 13:31:45 Creating directory structures...
2024-02-18 13:31:45 Copying default config.sh
2024-02-18 13:31:45 Copying default ftp-settings.sh
2024-02-18 13:31:45 Setting up udev rules...
2024-02-18 13:31:45 Setting up logging...
2024-02-18 13:31:45 Setting allsky to auto start...
Created symlink /etc/systemd/system/multi-user.target.wants/allsky.service → /etc/systemd/system/allsky.service.
Created symlink /etc/systemd/system/multi-user.target.wants/allskyperiodic.service → /etc/systemd/system/allskyperiodic.service.
2024-02-18 13:31:50 Setting up ALLSKY_HOME environment variable...
make[1]: Leaving directory '/home/brian/allsky/config_repo'
make[1]: Entering directory '/home/brian/allsky/notification_images'
2024-02-18 13:31:50 nothing to do for install...
make[1]: Leaving directory '/home/brian/allsky/notification_images'
make[1]: Entering directory '/home/brian/allsky/scripts'
2024-02-18 13:31:50 Setting up scripts...
make[1]: Leaving directory '/home/brian/allsky/scripts'
2024-02-18 13:31:50 Setting directory permissions...


2024-02-18 13:31:50 Install complete


