make[1]: Entering directory '/home/brian/allsky/src'
Building capture_ZWO.o ...
Building allsky_common.o ...
2024-02-18 13:30:56 Building capture_ZWO program...
2024-02-18 13:30:57 Done.
Building capture_RPi.o ...
Building mode_mean.o ...
2024-02-18 13:31:15 Building capture_RPi program...
2024-02-18 13:31:16 Done.
2024-02-18 13:31:16 Building startrails program...
2024-02-18 13:31:28 Done.
2024-02-18 13:31:28 Building keogram program...
2024-02-18 13:31:42 Done.
2024-02-18 13:31:42 Building sunwait...
make[2]: Entering directory '/home/brian/allsky/src/sunwait-src'
cc -c -Wall -std=c99 -O2 -Wextra -pedantic sunwait.c -o sunwait.o
cc -c -Wall -std=c99 -O2 -Wextra -pedantic sunriset.c -o sunriset.o
cc -c -Wall -std=c99 -O2 -Wextra -pedantic print.c -o print.o
cc sunwait.o sunriset.o print.o -o sunwait -lm 
make[2]: Leaving directory '/home/brian/allsky/src/sunwait-src'
2024-02-18 13:31:45 Done.
make[1]: Leaving directory '/home/brian/allsky/src'
make[1]: Entering directory '/home/brian/allsky/config_repo'
2024-02-18 13:31:45 nothing to do for all
make[1]: Leaving directory '/home/brian/allsky/config_repo'
make[1]: Entering directory '/home/brian/allsky/notification_images'
2024-02-18 13:31:45 nothing to do for all...
make[1]: Leaving directory '/home/brian/allsky/notification_images'
make[1]: Entering directory '/home/brian/allsky/scripts'
2024-02-18 13:31:45 nothing to do for all
make[1]: Leaving directory '/home/brian/allsky/scripts'
